<?xml version="1.0" encoding="UTF-8"?>
<testsuite name="ru.stqa.pft.addressbook.tests.GroupDelitionTests" tests="1" skipped="0" failures="0" errors="0" timestamp="2020-07-16T21:48:09" hostname="ПЁС-ПК" time="2.358">
  <properties/>
  <testcase name="testGroupDelition" classname="ru.stqa.pft.addressbook.tests.GroupDelitionTests" time="2.358"/>
  <system-out><![CDATA[]]></system-out>
  <system-err><![CDATA[]]></system-err>
</testsuite>
