<?xml version="1.0" encoding="UTF-8"?>
<testsuite name="ru.stqa.pft.addressbook.tests.ContactCreationTest" tests="3" skipped="0" failures="0" errors="0" timestamp="2020-07-21T18:02:55" hostname="ПЁС-ПК" time="45.765">
  <properties/>
  <testcase name="testContactCreation[0](ContactDate{lastname='last 0', id=2147483647})" classname="ru.stqa.pft.addressbook.tests.ContactCreationTest" time="15.174"/>
  <testcase name="testContactCreation[1](ContactDate{lastname='last 1', id=2147483647})" classname="ru.stqa.pft.addressbook.tests.ContactCreationTest" time="15.14"/>
  <testcase name="testContactCreation[2](ContactDate{lastname='last 2', id=2147483647})" classname="ru.stqa.pft.addressbook.tests.ContactCreationTest" time="15.447"/>
  <system-out><![CDATA[]]></system-out>
  <system-err><![CDATA[]]></system-err>
</testsuite>
