<?xml version="1.0" encoding="UTF-8"?>
<testsuite name="ru.stqa.pft.addressbook.tests.ContactDelitionTest" tests="1" skipped="0" failures="0" errors="0" timestamp="2020-05-25T23:15:03" hostname="ПЁС-ПК" time="5.926">
  <properties/>
  <testcase name="contactDelitionTests" classname="ru.stqa.pft.addressbook.tests.ContactDelitionTest" time="5.926"/>
  <system-out><![CDATA[]]></system-out>
  <system-err><![CDATA[SLF4J: Failed to load class "org.slf4j.impl.StaticLoggerBinder".
SLF4J: Defaulting to no-operation (NOP) logger implementation
SLF4J: See http://www.slf4j.org/codes.html#StaticLoggerBinder for further details.
Starting ChromeDriver 80.0.3987.106 (f68069574609230cf9b635cd784cfb1bf81bb53a-refs/branch-heads/3987@{#882}) on port 21587
Only local connections are allowed.
Please protect ports used by ChromeDriver and related test frameworks to prevent access by malicious code.
[1590448498.776][WARNING]: This version of ChromeDriver has not been tested with Chrome version 81.
мая 26, 2020 2:14:59 AM org.openqa.selenium.remote.ProtocolHandshake createSession
INFO: Detected dialect: W3C
[1590448501.788][SEVERE]: Timed out receiving message from renderer: 0.100
[1590448503.374][SEVERE]: Timed out receiving message from renderer: 0.100
[1590448503.476][SEVERE]: Timed out receiving message from renderer: 0.100
]]></system-err>
</testsuite>
