<?xml version="1.0" encoding="UTF-8"?>
<testsuite name="ru.stqa.pft.addressbook.tests.ContactCreationTest" tests="3" skipped="0" failures="0" errors="0" timestamp="2020-07-16T19:55:52" hostname="ПЁС-ПК" time="21.344">
  <properties/>
  <testcase name="testContactCreation[0](ContactDate{lastname='last 0', id=2147483647})" classname="ru.stqa.pft.addressbook.tests.ContactCreationTest" time="7.62"/>
  <testcase name="testContactCreation[1](ContactDate{lastname='last 1', id=2147483647})" classname="ru.stqa.pft.addressbook.tests.ContactCreationTest" time="6.57"/>
  <testcase name="testContactCreation[2](ContactDate{lastname='last 2', id=2147483647})" classname="ru.stqa.pft.addressbook.tests.ContactCreationTest" time="7.154"/>
  <system-out><![CDATA[]]></system-out>
  <system-err><![CDATA[]]></system-err>
</testsuite>
