<?xml version="1.0" encoding="UTF-8"?>
<testsuite name="ru.stqa.pft.addressbook.tests.ContactModificationTest" tests="1" skipped="0" failures="0" errors="0" timestamp="2020-05-28T21:37:37" hostname="ПЁС-ПК" time="139.474">
  <properties/>
  <testcase name="testContactModification" classname="ru.stqa.pft.addressbook.tests.ContactModificationTest" time="139.474"/>
  <system-out><![CDATA[]]></system-out>
  <system-err><![CDATA[SLF4J: Failed to load class "org.slf4j.impl.StaticLoggerBinder".
SLF4J: Defaulting to no-operation (NOP) logger implementation
SLF4J: See http://www.slf4j.org/codes.html#StaticLoggerBinder for further details.
Starting ChromeDriver 80.0.3987.106 (f68069574609230cf9b635cd784cfb1bf81bb53a-refs/branch-heads/3987@{#882}) on port 16877
Only local connections are allowed.
Please protect ports used by ChromeDriver and related test frameworks to prevent access by malicious code.
[1590701854.052][WARNING]: This version of ChromeDriver has not been tested with Chrome version 81.
мая 29, 2020 12:37:35 AM org.openqa.selenium.remote.ProtocolHandshake createSession
INFO: Detected dialect: W3C
[1590701856.908][SEVERE]: Timed out receiving message from renderer: 0.100
[1590701857.011][SEVERE]: Timed out receiving message from renderer: 0.100
[1590701857.112][SEVERE]: Timed out receiving message from renderer: 0.100
[1590701857.217][SEVERE]: Timed out receiving message from renderer: 0.100
]]></system-err>
</testsuite>
