<?xml version="1.0" encoding="UTF-8"?>
<testsuite name="ru.stqa.pft.addressbook.tests.GroupCreationTests" tests="3" skipped="0" failures="0" errors="0" timestamp="2020-07-26T21:39:50" hostname="ПЁС-ПК" time="23.699">
  <properties/>
  <testcase name="testGroupCreation[0](GroupDate{name='test 0', id='2147483647'})" classname="ru.stqa.pft.addressbook.tests.GroupCreationTests" time="10.669"/>
  <testcase name="testGroupCreation[1](GroupDate{name='test 1', id='2147483647'})" classname="ru.stqa.pft.addressbook.tests.GroupCreationTests" time="7.076"/>
  <testcase name="testGroupCreation[2](GroupDate{name='test 2', id='2147483647'})" classname="ru.stqa.pft.addressbook.tests.GroupCreationTests" time="5.954"/>
  <system-out><![CDATA[00:39:50.267 [Test worker] INFO  r.s.pft.addressbook.tests.TestBase - Start testtestGroupCreationwith parameters[GroupDate{name='test 0', id='2147483647'}]
00:40:00.950 [Test worker] INFO  r.s.pft.addressbook.tests.TestBase - Stop testtestGroupCreation
00:40:00.950 [Test worker] INFO  r.s.pft.addressbook.tests.TestBase - Start testtestGroupCreationwith parameters[GroupDate{name='test 1', id='2147483647'}]
00:40:08.026 [Test worker] INFO  r.s.pft.addressbook.tests.TestBase - Stop testtestGroupCreation
00:40:08.026 [Test worker] INFO  r.s.pft.addressbook.tests.TestBase - Start testtestGroupCreationwith parameters[GroupDate{name='test 2', id='2147483647'}]
00:40:13.980 [Test worker] INFO  r.s.pft.addressbook.tests.TestBase - Stop testtestGroupCreation
]]></system-out>
  <system-err><![CDATA[]]></system-err>
</testsuite>
