<?xml version="1.0" encoding="UTF-8"?>
<testsuite name="ru.stqa.pft.addressbook.tests.HbConnectionTest" tests="1" skipped="0" failures="0" errors="0" timestamp="2020-07-29T21:26:18" hostname="ПЁС-ПК" time="0.437">
  <properties/>
  <testcase name="testHbContactConnection" classname="ru.stqa.pft.addressbook.tests.HbConnectionTest" time="0.437"/>
  <system-out><![CDATA[00:26:15,284 |-INFO in ch.qos.logback.classic.LoggerContext[default] - Could NOT find resource [logback.groovy]
00:26:15,285 |-INFO in ch.qos.logback.classic.LoggerContext[default] - Could NOT find resource [logback-test.xml]
00:26:15,285 |-INFO in ch.qos.logback.classic.LoggerContext[default] - Found resource [logback.xml] at [file:/C:/Project/11/java_newpft/addressbook-web-tests/build/resources/test/logback.xml]
00:26:15,365 |-INFO in ch.qos.logback.classic.joran.action.ConfigurationAction - debug attribute not set
00:26:15,374 |-INFO in ch.qos.logback.core.joran.action.TimestampAction - Using current interpretation time, i.e. now, as time reference.
00:26:15,375 |-INFO in ch.qos.logback.core.joran.action.TimestampAction - Adding property to the context with key="bySecond" and value="20200730T002615" to the LOCAL scope
00:26:15,377 |-INFO in ch.qos.logback.core.joran.action.AppenderAction - About to instantiate appender of type [ch.qos.logback.core.FileAppender]
00:26:15,386 |-INFO in ch.qos.logback.core.joran.action.AppenderAction - Naming appender as [FILE]
00:26:15,417 |-ERROR in ch.qos.logback.core.joran.spi.Interpreter@9:25 - no applicable action for [immediateFlush], current ElementPath  is [[configuration][appender][immediateFlush]]
00:26:15,418 |-INFO in ch.qos.logback.core.joran.action.NestedComplexPropertyIA - Assuming default type [ch.qos.logback.classic.encoder.PatternLayoutEncoder] for [encoder] property
00:26:15,458 |-INFO in ch.qos.logback.core.FileAppender[FILE] - File property is set to [test-20200730T002615.log]
00:26:15,461 |-INFO in ch.qos.logback.core.joran.action.AppenderAction - About to instantiate appender of type [ch.qos.logback.core.ConsoleAppender]
00:26:15,462 |-INFO in ch.qos.logback.core.joran.action.AppenderAction - Naming appender as [STDOUT]
00:26:15,471 |-INFO in ch.qos.logback.core.joran.action.NestedComplexPropertyIA - Assuming default type [ch.qos.logback.classic.encoder.PatternLayoutEncoder] for [encoder] property
00:26:15,472 |-INFO in ch.qos.logback.classic.joran.action.RootLoggerAction - Setting level of ROOT logger to DEBUG
00:26:15,472 |-INFO in ch.qos.logback.core.joran.action.AppenderRefAction - Attaching appender named [FILE] to Logger[ROOT]
00:26:15,473 |-INFO in ch.qos.logback.core.joran.action.AppenderRefAction - Attaching appender named [STDOUT] to Logger[ROOT]
00:26:15,473 |-INFO in ch.qos.logback.classic.joran.action.ConfigurationAction - End of configuration.
00:26:15,474 |-INFO in ch.qos.logback.classic.joran.JoranConfigurator@162f383b - Registering current configuration as safe fallback point

00:26:15.553 [Test worker] INFO  org.hibernate.Version - HHH000412: Hibernate ORM core version 5.4.18.Final
00:26:16.337 [Test worker] INFO  o.h.annotations.common.Version - HCANN000001: Hibernate Commons Annotations {5.1.0.Final}
00:26:16.701 [Test worker] WARN  o.hibernate.orm.connections.pooling - HHH10001002: Using Hibernate built-in connection pool (not for production use!)
00:26:16.713 [Test worker] INFO  o.hibernate.orm.connections.pooling - HHH10001005: using driver [com.mysql.jdbc.Driver] at URL [jdbc:mysql://localhost:3306/addressbook?serverTimezone=UTC]
00:26:16.713 [Test worker] INFO  o.hibernate.orm.connections.pooling - HHH10001001: Connection properties: {user=root, password=}
00:26:16.713 [Test worker] INFO  o.hibernate.orm.connections.pooling - HHH10001003: Autocommit mode: false
00:26:16.719 [Test worker] INFO  o.h.e.j.c.i.DriverManagerConnectionProviderImpl - HHH000115: Hibernate connection pool size: 1 (min=1)
00:26:16.996 [Test worker] INFO  org.hibernate.dialect.Dialect - HHH000400: Using dialect: org.hibernate.dialect.MySQLDialect
00:26:18.383 [Test worker] INFO  org.hibernate.orm.connections.access - HHH10001501: Connection obtained from JdbcConnectionAccess [org.hibernate.engine.jdbc.env.internal.JdbcEnvironmentInitiator$ConnectionProviderJdbcConnectionAccess@69da6a95] for (non-JTA) DDL execution was not in auto-commit mode; the Connection 'local transaction' will be committed and the Connection will be set into auto-commit mode.
00:26:18.492 [Test worker] INFO  o.h.e.t.j.p.i.JtaPlatformInitiator - HHH000490: Using JtaPlatform implementation: [org.hibernate.engine.transaction.jta.platform.internal.NoJtaPlatform]
Hibernate: select contactdat0_.id as id1_0_, contactdat0_.email as email2_0_, contactdat0_.email2 as email3_0_, contactdat0_.email3 as email4_0_, contactdat0_.firstname as firstnam5_0_, contactdat0_.home as home6_0_, contactdat0_.lastname as lastname7_0_, contactdat0_.middlename as middlena8_0_, contactdat0_.mobile as mobile9_0_, contactdat0_.photo as photo10_0_, contactdat0_.work as work11_0_ from addressbook contactdat0_ where deprecated='0000-00-00'
ContactDate{id=127, firstname='1', middlename='1', lastname='1'}
ContactDate{id=142, firstname='1', middlename='2', lastname='test3'}
ContactDate{id=143, firstname='midlename 1', middlename='firstname 1', lastname='lastname 1'}
ContactDate{id=144, firstname='midlename 2', middlename='firstname 2', lastname='lastname 2'}
ContactDate{id=149, firstname='firstname 3', middlename='midlename 3', lastname='lastname 3'}
ContactDate{id=155, firstname='first 3', middlename='middle 3', lastname='last 3'}
ContactDate{id=159, firstname='first 0', middlename='middle 0', lastname='last 0'}
ContactDate{id=203, firstname='first 2', middlename='middle 2', lastname='last 2'}
ContactDate{id=207, firstname='first 0', middlename='middle 0', lastname='last 0'}
ContactDate{id=208, firstname='first 1', middlename='middle 1', lastname='last 1'}
ContactDate{id=212, firstname='first 2', middlename='middle 2', lastname='last 2'}
]]></system-out>
  <system-err><![CDATA[Loading class `com.mysql.jdbc.Driver'. This is deprecated. The new driver class is `com.mysql.cj.jdbc.Driver'. The driver is automatically registered via the SPI and manual loading of the driver class is generally unnecessary.
]]></system-err>
</testsuite>
