<?xml version="1.0" encoding="UTF-8"?>
<testsuite name="ru.stqa.pft.addressbook.tests.ContactModificationTest" tests="1" skipped="0" failures="0" errors="0" timestamp="2020-08-05T20:05:49" hostname="ПЁС-ПК" time="7.179">
  <properties/>
  <testcase name="testContactModification" classname="ru.stqa.pft.addressbook.tests.ContactModificationTest" time="7.179"/>
  <system-out><![CDATA[23:05:48.958 [Test worker] INFO  r.s.pft.addressbook.tests.TestBase - Start testtestContactModificationwith parameters[]
Hibernate: select contactdat0_.id as id1_1_, contactdat0_.email as email2_1_, contactdat0_.email2 as email3_1_, contactdat0_.email3 as email4_1_, contactdat0_.firstname as firstnam5_1_, contactdat0_.home as home6_1_, contactdat0_.lastname as lastname7_1_, contactdat0_.middlename as middlena8_1_, contactdat0_.mobile as mobile9_1_, contactdat0_.photo as photo10_1_, contactdat0_.work as work11_1_ from addressbook contactdat0_ where deprecated='0000-00-00'
Hibernate: select groups0_.id as id1_0_0_, groups0_.group_id as group_id2_0_0_, groupdate1_.group_id as group_id1_2_1_, groupdate1_.group_footer as group_fo2_2_1_, groupdate1_.group_header as group_he3_2_1_, groupdate1_.group_name as group_na4_2_1_ from address_in_groups groups0_ inner join group_list groupdate1_ on groups0_.group_id=groupdate1_.group_id where groups0_.id=?
Hibernate: select groups0_.id as id1_0_0_, groups0_.group_id as group_id2_0_0_, groupdate1_.group_id as group_id1_2_1_, groupdate1_.group_footer as group_fo2_2_1_, groupdate1_.group_header as group_he3_2_1_, groupdate1_.group_name as group_na4_2_1_ from address_in_groups groups0_ inner join group_list groupdate1_ on groups0_.group_id=groupdate1_.group_id where groups0_.id=?
Hibernate: select groups0_.id as id1_0_0_, groups0_.group_id as group_id2_0_0_, groupdate1_.group_id as group_id1_2_1_, groupdate1_.group_footer as group_fo2_2_1_, groupdate1_.group_header as group_he3_2_1_, groupdate1_.group_name as group_na4_2_1_ from address_in_groups groups0_ inner join group_list groupdate1_ on groups0_.group_id=groupdate1_.group_id where groups0_.id=?
Hibernate: select contactdat0_.id as id1_1_, contactdat0_.email as email2_1_, contactdat0_.email2 as email3_1_, contactdat0_.email3 as email4_1_, contactdat0_.firstname as firstnam5_1_, contactdat0_.home as home6_1_, contactdat0_.lastname as lastname7_1_, contactdat0_.middlename as middlena8_1_, contactdat0_.mobile as mobile9_1_, contactdat0_.photo as photo10_1_, contactdat0_.work as work11_1_ from addressbook contactdat0_ where deprecated='0000-00-00'
Hibernate: select groups0_.id as id1_0_0_, groups0_.group_id as group_id2_0_0_, groupdate1_.group_id as group_id1_2_1_, groupdate1_.group_footer as group_fo2_2_1_, groupdate1_.group_header as group_he3_2_1_, groupdate1_.group_name as group_na4_2_1_ from address_in_groups groups0_ inner join group_list groupdate1_ on groups0_.group_id=groupdate1_.group_id where groups0_.id=?
Hibernate: select groups0_.id as id1_0_0_, groups0_.group_id as group_id2_0_0_, groupdate1_.group_id as group_id1_2_1_, groupdate1_.group_footer as group_fo2_2_1_, groupdate1_.group_header as group_he3_2_1_, groupdate1_.group_name as group_na4_2_1_ from address_in_groups groups0_ inner join group_list groupdate1_ on groups0_.group_id=groupdate1_.group_id where groups0_.id=?
Hibernate: select groups0_.id as id1_0_0_, groups0_.group_id as group_id2_0_0_, groupdate1_.group_id as group_id1_2_1_, groupdate1_.group_footer as group_fo2_2_1_, groupdate1_.group_header as group_he3_2_1_, groupdate1_.group_name as group_na4_2_1_ from address_in_groups groups0_ inner join group_list groupdate1_ on groups0_.group_id=groupdate1_.group_id where groups0_.id=?
Hibernate: select contactdat0_.id as id1_1_, contactdat0_.email as email2_1_, contactdat0_.email2 as email3_1_, contactdat0_.email3 as email4_1_, contactdat0_.firstname as firstnam5_1_, contactdat0_.home as home6_1_, contactdat0_.lastname as lastname7_1_, contactdat0_.middlename as middlena8_1_, contactdat0_.mobile as mobile9_1_, contactdat0_.photo as photo10_1_, contactdat0_.work as work11_1_ from addressbook contactdat0_ where deprecated='0000-00-00'
Hibernate: select groups0_.id as id1_0_0_, groups0_.group_id as group_id2_0_0_, groupdate1_.group_id as group_id1_2_1_, groupdate1_.group_footer as group_fo2_2_1_, groupdate1_.group_header as group_he3_2_1_, groupdate1_.group_name as group_na4_2_1_ from address_in_groups groups0_ inner join group_list groupdate1_ on groups0_.group_id=groupdate1_.group_id where groups0_.id=?
Hibernate: select groups0_.id as id1_0_0_, groups0_.group_id as group_id2_0_0_, groupdate1_.group_id as group_id1_2_1_, groupdate1_.group_footer as group_fo2_2_1_, groupdate1_.group_header as group_he3_2_1_, groupdate1_.group_name as group_na4_2_1_ from address_in_groups groups0_ inner join group_list groupdate1_ on groups0_.group_id=groupdate1_.group_id where groups0_.id=?
Hibernate: select groups0_.id as id1_0_0_, groups0_.group_id as group_id2_0_0_, groupdate1_.group_id as group_id1_2_1_, groupdate1_.group_footer as group_fo2_2_1_, groupdate1_.group_header as group_he3_2_1_, groupdate1_.group_name as group_na4_2_1_ from address_in_groups groups0_ inner join group_list groupdate1_ on groups0_.group_id=groupdate1_.group_id where groups0_.id=?
23:05:56.600 [Test worker] INFO  r.s.pft.addressbook.tests.TestBase - Stop testtestContactModification
]]></system-out>
  <system-err><![CDATA[]]></system-err>
</testsuite>
