<?xml version="1.0" encoding="UTF-8"?>
<testsuite name="ru.stqa.pft.addressbook.tests.ContactCreationTest" tests="3" skipped="0" failures="0" errors="0" timestamp="2021-03-31T20:27:31" hostname="DESKTOP-IS50UII" time="16.021">
  <properties/>
  <testcase name="testContactCreation[0](ContactDate{id=0, lastname='lastname 0'})" classname="ru.stqa.pft.addressbook.tests.ContactCreationTest" time="6.249"/>
  <testcase name="testContactCreation[1](ContactDate{id=0, lastname='lastname 1'})" classname="ru.stqa.pft.addressbook.tests.ContactCreationTest" time="4.752"/>
  <testcase name="testContactCreation[2](ContactDate{id=0, lastname='lastname 2'})" classname="ru.stqa.pft.addressbook.tests.ContactCreationTest" time="5.009"/>
  <system-out><![CDATA[]]></system-out>
  <system-err><![CDATA[]]></system-err>
</testsuite>
